#
# A fatal error has been detected by the Java Runtime Environment:
#
#  EXCEPTION_ACCESS_VIOLATION (0xc0000005) at pc=0x00000000588333d0, pid=984, tid=0x0000000000001b84
#
# JRE version: OpenJDK Runtime Environment (8.0_242-b01) (build 1.8.0_242-release-1644-b01)
# Java VM: OpenJDK 64-Bit Server VM (25.242-b01 mixed mode windows-amd64 compressed oops)
# Problematic frame:
# V  [jvm.dll+0x4733d0]
#
# Failed to write core dump. Minidumps are not enabled by default on client versions of Windows
#
# If you would like to submit a bug report, please visit:
#   
#

---------------  T H R E A D  ---------------

Current thread (0x00000000161c8000):  JavaThread "C2 CompilerThread0" daemon [_thread_in_native, id=7044, stack(0x0000000017800000,0x0000000017900000)]

siginfo: ExceptionCode=0xc0000005, reading address 0x0000400058b8f750

Registers:
RAX=0x0000000000000000, RBX=0x0000000000000000, RCX=0x0000400058b8f750, RDX=0x0000000000000000
RSP=0x00000000178fc220, RBP=0x0000000000000026, RSI=0x0000000000000130, RDI=0x00000000178fc270
R8 =0x0000000000000000, R9 =0x0000000000000851, R10=0x00000000583c0000, R11=0x00000000178fc140
R12=0x0000000000038c40, R13=0x000000000000081c, R14=0x00000000583c0000, R15=0x00000000000003d8
RIP=0x00000000588333d0, EFLAGS=0x0000000000010246

Top of Stack: (sp=0x00000000178fc220)
0x00000000178fc220:   00000000178fe9f0 000000002364f730
0x00000000178fc230:   fffffffffffffff8 0000000016185cc0
0x00000000178fc240:   0000000000000002 000000005882eca5
0x00000000178fc250:   00000000236f29d0 0000000000000000
0x00000000178fc260:   00000000178fc350 0000000000000012
0x00000000178fc270:   0000085600000000 0000000000000003
0x00000000178fc280:   0000400058b8f750 0000000000000009
0x00000000178fc290:   0000000021302060 0000000000000044
0x00000000178fc2a0:   00000000234ac1d0 00000000178fc640
0x00000000178fc2b0:   000000001c637fc8 000000001c637bf0
0x00000000178fc2c0:   00000000178fc3d0 00000000587fac1a
0x00000000178fc2d0:   0000000000000000 000000001c637be0
0x00000000178fc2e0:   00000000178fc640 0000000000000000
0x00000000178fc2f0:   0000000000000006 000000001c637be0
0x00000000178fc300:   000000002413fa20 0000000024146cf0
0x00000000178fc310:   0000000024147a08 000000000145a620 

Instructions: (pc=0x00000000588333d0)
0x00000000588333b0:   48 8b 4f 20 48 39 04 0e 0f 84 9d 00 00 00 48 8b
0x00000000588333c0:   0c 0e 33 d2 33 c0 48 89 4f 10 66 0f 1f 44 00 00
0x00000000588333d0:   83 3c 08 00 0f 85 36 01 00 00 ff c2 48 83 c0 04
0x00000000588333e0:   83 fa 08 72 eb 48 8b 47 30 48 89 44 24 30 48 85 


Register to memory mapping:

RAX=0x0000000000000000 is an unknown value
RBX=0x0000000000000000 is an unknown value
RCX=0x0000400058b8f750 is an unknown value
RDX=0x0000000000000000 is an unknown value
RSP=0x00000000178fc220 is pointing into the stack for thread: 0x00000000161c8000
RBP=0x0000000000000026 is an unknown value
RSI=0x0000000000000130 is an unknown value
RDI=0x00000000178fc270 is pointing into the stack for thread: 0x00000000161c8000
R8 =0x0000000000000000 is an unknown value
R9 =0x0000000000000851 is an unknown value
R10=0x00000000583c0000 is an unknown value
R11=0x00000000178fc140 is pointing into the stack for thread: 0x00000000161c8000
R12=0x0000000000038c40 is an unknown value
R13=0x000000000000081c is an unknown value
R14=0x00000000583c0000 is an unknown value
R15=0x00000000000003d8 is an unknown value


Stack: [0x0000000017800000,0x0000000017900000],  sp=0x00000000178fc220,  free space=1008k
Native frames: (J=compiled Java code, j=interpreted, Vv=VM code, C=native code)
V  [jvm.dll+0x4733d0]
V  [jvm.dll+0x46eca5]
V  [jvm.dll+0x43ac1a]
V  [jvm.dll+0x4456ab]
V  [jvm.dll+0x447fa8]
V  [jvm.dll+0x42b072]
V  [jvm.dll+0x8230f]
V  [jvm.dll+0x82c7f]
V  [jvm.dll+0x220b7f]
V  [jvm.dll+0x27276a]
C  [msvcr100.dll+0x21d9f]
C  [msvcr100.dll+0x21e3b]
C  [KERNEL32.DLL+0x13034]
C  [ntdll.dll+0x71551]


Current CompileTask:
C2:  86773 5855       4       java.net.URLClassLoader$1::run (5 bytes)


---------------  P R O C E S S  ---------------

Java Threads: ( => current thread )
  0x000000001d25c800 JavaThread "Cache worker for Build Output Cleanup Cache (C:\Users\Dell\StudioProjects\app_verkoop\.gradle\buildOutputCleanup)" [_thread_blocked, id=7924, stack(0x0000000022350000,0x0000000022450000)]
  0x000000001d258000 JavaThread "Build operations Thread 4" [_thread_blocked, id=9404, stack(0x0000000021e50000,0x0000000021f50000)]
  0x000000001d259000 JavaThread "Build operations Thread 3" [_thread_blocked, id=4680, stack(0x0000000021d50000,0x0000000021e50000)]
  0x000000001d256800 JavaThread "Build operations Thread 2" [_thread_blocked, id=2188, stack(0x0000000021c50000,0x0000000021d50000)]
  0x000000001d25c000 JavaThread "Build operations" [_thread_blocked, id=3088, stack(0x0000000021b50000,0x0000000021c50000)]
  0x000000001d256000 JavaThread "Cache worker for execution history cache (C:\Users\Dell\.gradle\caches\5.2.1\executionHistory)" [_thread_blocked, id=3568, stack(0x0000000020600000,0x0000000020700000)]
  0x0000000018f8b000 JavaThread "Cache worker for cache directory md-rule (C:\Users\Dell\.gradle\caches\5.2.1\md-rule)" [_thread_blocked, id=6872, stack(0x000000001fdb0000,0x000000001feb0000)]
  0x0000000018f87000 JavaThread "Cache worker for cache directory md-supplier (C:\Users\Dell\.gradle\caches\5.2.1\md-supplier)" [_thread_blocked, id=2480, stack(0x000000001fcb0000,0x000000001fdb0000)]
  0x0000000018f88000 JavaThread "Cache worker for file hash cache (C:\Users\Dell\StudioProjects\app_verkoop\.gradle\5.2.1\fileHashes)" [_thread_blocked, id=8420, stack(0x000000001e3c0000,0x000000001e4c0000)]
  0x0000000018f8c800 JavaThread "Cache worker for journal cache (C:\Users\Dell\.gradle\caches\journal-1)" [_thread_blocked, id=9884, stack(0x000000001bd20000,0x000000001be20000)]
  0x0000000018f89800 JavaThread "File lock request listener" [_thread_in_native, id=7936, stack(0x000000001bc20000,0x000000001bd20000)]
  0x00000000190c1000 JavaThread "Cache worker for file hash cache (C:\Users\Dell\.gradle\caches\5.2.1\fileHashes)" [_thread_blocked, id=9580, stack(0x000000001bb20000,0x000000001bc20000)]
  0x00000000196c0800 JavaThread "Thread-8" [_thread_blocked, id=2404, stack(0x000000001ba20000,0x000000001bb20000)]
  0x0000000018552000 JavaThread "Asynchronous log dispatcher for DefaultDaemonConnection: socket connection from /127.0.0.1:65377 to /127.0.0.1:65378" [_thread_blocked, id=1904, stack(0x000000001b820000,0x000000001b920000)]
  0x000000001897a000 JavaThread "Daemon worker" [_thread_in_native, id=4764, stack(0x000000001b720000,0x000000001b820000)]
  0x0000000019a48800 JavaThread "Cancel handler" [_thread_blocked, id=292, stack(0x000000001b620000,0x000000001b720000)]
  0x0000000018fc9000 JavaThread "Handler for socket connection from /127.0.0.1:65377 to /127.0.0.1:65378" [_thread_in_native, id=10172, stack(0x000000001b320000,0x000000001b420000)]
  0x00000000193d0000 JavaThread "Daemon" [_thread_blocked, id=9544, stack(0x000000001b220000,0x000000001b320000)]
  0x00000000182b7800 JavaThread "Daemon periodic checks" [_thread_blocked, id=6556, stack(0x000000001b120000,0x000000001b220000)]
  0x000000001827d800 JavaThread "Incoming local TCP Connector on port 65377" [_thread_in_native, id=6788, stack(0x000000001aee0000,0x000000001afe0000)]
  0x0000000017b2a800 JavaThread "Service Thread" daemon [_thread_blocked, id=5528, stack(0x0000000017f00000,0x0000000018000000)]
  0x00000000161df800 JavaThread "C1 CompilerThread2" daemon [_thread_blocked, id=6980, stack(0x0000000017a00000,0x0000000017b00000)]
  0x00000000161d3800 JavaThread "C2 CompilerThread1" daemon [_thread_blocked, id=2744, stack(0x0000000017900000,0x0000000017a00000)]
=>0x00000000161c8000 JavaThread "C2 CompilerThread0" daemon [_thread_in_native, id=7044, stack(0x0000000017800000,0x0000000017900000)]
  0x00000000161c6800 JavaThread "Attach Listener" daemon [_thread_blocked, id=3492, stack(0x0000000017700000,0x0000000017800000)]
  0x00000000161c5800 JavaThread "Signal Dispatcher" daemon [_thread_blocked, id=10380, stack(0x0000000017600000,0x0000000017700000)]
  0x00000000161a9000 JavaThread "Finalizer" daemon [_thread_blocked, id=6908, stack(0x0000000017410000,0x0000000017510000)]
  0x0000000002841000 JavaThread "Reference Handler" daemon [_thread_blocked, id=1020, stack(0x0000000017310000,0x0000000017410000)]
  0x000000000274d800 JavaThread "main" [_thread_blocked, id=5972, stack(0x00000000025a0000,0x00000000026a0000)]

Other Threads:
  0x0000000016185000 VMThread [stack: 0x0000000017210000,0x0000000017310000] [id=896]
  0x0000000017b3c000 WatcherThread [stack: 0x0000000018000000,0x0000000018100000] [id=8948]

VM state:not at safepoint (normal execution)

VM Mutex/Monitor currently owned by a thread: None

heap address: 0x00000000a0000000, size: 1536 MB, Compressed Oops mode: 32-bit
Narrow klass base: 0x0000000000000000, Narrow klass shift: 3
Compressed class space size: 1073741824 Address: 0x0000000100000000

Heap:
 PSYoungGen      total 189952K, used 14728K [0x00000000e0000000, 0x00000000ed080000, 0x0000000100000000)
  eden space 169984K, 8% used [0x00000000e0000000,0x00000000e0e62350,0x00000000ea600000)
  from space 19968K, 0% used [0x00000000eb880000,0x00000000eb880000,0x00000000ecc00000)
  to   space 18944K, 0% used [0x00000000ea600000,0x00000000ea600000,0x00000000eb880000)
 ParOldGen       total 145920K, used 40977K [0x00000000a0000000, 0x00000000a8e80000, 0x00000000e0000000)
  object space 145920K, 28% used [0x00000000a0000000,0x00000000a2804658,0x00000000a8e80000)
 Metaspace       used 58085K, capacity 59828K, committed 60032K, reserved 1101824K
  class space    used 7801K, capacity 8283K, committed 8320K, reserved 1048576K

Card table byte_map: [0x0000000011c10000,0x0000000011f20000] byte_map_base: 0x0000000011710000

Marking Bits: (ParMarkBitMap*) 0x0000000058b8f030
 Begin Bits: [0x0000000012520000, 0x0000000013d20000)
 End Bits:   [0x0000000013d20000, 0x0000000015520000)

Polling page: 0x0000000000a60000

CodeCache: size=245760Kb used=18094Kb max_used=18167Kb free=227665Kb
 bounds [0x0000000002850000, 0x0000000003a20000, 0x0000000011850000]
 total_blobs=6076 nmethods=5289 adapters=701
 compilation: enabled

Compilation events (10 events):
Event: 81.427 Thread 0x00000000161df800 5852       3       java.lang.Class::isLocalOrAnonymousClass (13 bytes)
Event: 81.428 Thread 0x00000000161df800 nmethod 5852 0x00000000039eae50 code [0x00000000039eafe0, 0x00000000039eb358]
Event: 81.428 Thread 0x00000000161df800 5851       3       kotlin.reflect.jvm.internal.impl.name.FqNameUnsafe::<init> (15 bytes)
Event: 81.429 Thread 0x00000000161df800 nmethod 5851 0x00000000039eaa90 code [0x00000000039eabe0, 0x00000000039eadb0]
Event: 81.485 Thread 0x00000000161df800 5853       1       kotlin.reflect.jvm.internal.pcollections.ConsPStack::size (5 bytes)
Event: 81.485 Thread 0x00000000161df800 nmethod 5853 0x00000000039ea7d0 code [0x00000000039ea920, 0x00000000039eaa30]
Event: 82.827 Thread 0x00000000161d3800 5854       4       java.util.concurrent.ConcurrentLinkedQueue::poll (85 bytes)
Event: 82.834 Thread 0x00000000161d3800 nmethod 5854 0x00000000039ea090 code [0x00000000039ea220, 0x00000000039ea480]
Event: 82.859 Thread 0x00000000161c8000 5855       4       java.net.URLClassLoader$1::run (5 bytes)
Event: 82.896 Thread 0x00000000161d3800 5856   !   4       java.net.URLClassLoader$1::run (63 bytes)

GC Heap History (10 events):
Event: 32.963 GC heap before
{Heap before GC invocations=11 (full 2):
 PSYoungGen      total 116224K, used 11259K [0x00000000e0000000, 0x00000000ea380000, 0x0000000100000000)
  eden space 104960K, 0% used [0x00000000e0000000,0x00000000e0000000,0x00000000e6680000)
  from space 11264K, 99% used [0x00000000e6680000,0x00000000e717edc0,0x00000000e7180000)
  to   space 12800K, 0% used [0x00000000e9700000,0x00000000e9700000,0x00000000ea380000)
 ParOldGen       total 58880K, used 9307K [0x00000000a0000000, 0x00000000a3980000, 0x00000000e0000000)
  object space 58880K, 15% used [0x00000000a0000000,0x00000000a0916c38,0x00000000a3980000)
 Metaspace       used 34563K, capacity 35446K, committed 35496K, reserved 1079296K
  class space    used 4777K, capacity 5072K, committed 5120K, reserved 1048576K
Event: 33.657 GC heap after
Heap after GC invocations=11 (full 2):
 PSYoungGen      total 116224K, used 0K [0x00000000e0000000, 0x00000000ea380000, 0x0000000100000000)
  eden space 104960K, 0% used [0x00000000e0000000,0x00000000e0000000,0x00000000e6680000)
  from space 11264K, 0% used [0x00000000e6680000,0x00000000e6680000,0x00000000e7180000)
  to   space 12800K, 0% used [0x00000000e9700000,0x00000000e9700000,0x00000000ea380000)
 ParOldGen       total 95232K, used 18835K [0x00000000a0000000, 0x00000000a5d00000, 0x00000000e0000000)
  object space 95232K, 19% used [0x00000000a0000000,0x00000000a1264ed8,0x00000000a5d00000)
 Metaspace       used 34563K, capacity 35446K, committed 35496K, reserved 1079296K
  class space    used 4777K, capacity 5072K, committed 5120K, reserved 1048576K
}
Event: 45.453 GC heap before
{Heap before GC invocations=12 (full 2):
 PSYoungGen      total 116224K, used 104960K [0x00000000e0000000, 0x00000000ea380000, 0x0000000100000000)
  eden space 104960K, 100% used [0x00000000e0000000,0x00000000e6680000,0x00000000e6680000)
  from space 11264K, 0% used [0x00000000e6680000,0x00000000e6680000,0x00000000e7180000)
  to   space 12800K, 0% used [0x00000000e9700000,0x00000000e9700000,0x00000000ea380000)
 ParOldGen       total 95232K, used 18835K [0x00000000a0000000, 0x00000000a5d00000, 0x00000000e0000000)
  object space 95232K, 19% used [0x00000000a0000000,0x00000000a1264ed8,0x00000000a5d00000)
 Metaspace       used 43287K, capacity 44458K, committed 44672K, reserved 1087488K
  class space    used 5880K, capacity 6254K, committed 6272K, reserved 1048576K
Event: 45.506 GC heap after
Heap after GC invocations=12 (full 2):
 PSYoungGen      total 141824K, used 12768K [0x00000000e0000000, 0x00000000ea380000, 0x0000000100000000)
  eden space 129024K, 0% used [0x00000000e0000000,0x00000000e0000000,0x00000000e7e00000)
  from space 12800K, 99% used [0x00000000e9700000,0x00000000ea3780f8,0x00000000ea380000)
  to   space 14848K, 0% used [0x00000000e8680000,0x00000000e8680000,0x00000000e9500000)
 ParOldGen       total 95232K, used 20402K [0x00000000a0000000, 0x00000000a5d00000, 0x00000000e0000000)
  object space 95232K, 21% used [0x00000000a0000000,0x00000000a13ec8f8,0x00000000a5d00000)
 Metaspace       used 43287K, capacity 44458K, committed 44672K, reserved 1087488K
  class space    used 5880K, capacity 6254K, committed 6272K, reserved 1048576K
}
Event: 63.199 GC heap before
{Heap before GC invocations=13 (full 2):
 PSYoungGen      total 141824K, used 141792K [0x00000000e0000000, 0x00000000ea380000, 0x0000000100000000)
  eden space 129024K, 100% used [0x00000000e0000000,0x00000000e7e00000,0x00000000e7e00000)
  from space 12800K, 99% used [0x00000000e9700000,0x00000000ea3780f8,0x00000000ea380000)
  to   space 14848K, 0% used [0x00000000e8680000,0x00000000e8680000,0x00000000e9500000)
 ParOldGen       total 95232K, used 20402K [0x00000000a0000000, 0x00000000a5d00000, 0x00000000e0000000)
  object space 95232K, 21% used [0x00000000a0000000,0x00000000a13ec8f8,0x00000000a5d00000)
 Metaspace       used 48972K, capacity 50476K, committed 50560K, reserved 1093632K
  class space    used 6594K, capacity 7009K, committed 7040K, reserved 1048576K
Event: 64.162 GC heap after
Heap after GC invocations=13 (full 2):
 PSYoungGen      total 152576K, used 14844K [0x00000000e0000000, 0x00000000ecc00000, 0x0000000100000000)
  eden space 137728K, 0% used [0x00000000e0000000,0x00000000e0000000,0x00000000e8680000)
  from space 14848K, 99% used [0x00000000e8680000,0x00000000e94ff368,0x00000000e9500000)
  to   space 19968K, 0% used [0x00000000eb880000,0x00000000eb880000,0x00000000ecc00000)
 ParOldGen       total 95232K, used 29268K [0x00000000a0000000, 0x00000000a5d00000, 0x00000000e0000000)
  object space 95232K, 30% used [0x00000000a0000000,0x00000000a1c95140,0x00000000a5d00000)
 Metaspace       used 48972K, capacity 50476K, committed 50560K, reserved 1093632K
  class space    used 6594K, capacity 7009K, committed 7040K, reserved 1048576K
}
Event: 81.510 GC heap before
{Heap before GC invocations=14 (full 2):
 PSYoungGen      total 152576K, used 102646K [0x00000000e0000000, 0x00000000ecc00000, 0x0000000100000000)
  eden space 137728K, 63% used [0x00000000e0000000,0x00000000e55be4a8,0x00000000e8680000)
  from space 14848K, 99% used [0x00000000e8680000,0x00000000e94ff368,0x00000000e9500000)
  to   space 19968K, 0% used [0x00000000eb880000,0x00000000eb880000,0x00000000ecc00000)
 ParOldGen       total 95232K, used 29268K [0x00000000a0000000, 0x00000000a5d00000, 0x00000000e0000000)
  object space 95232K, 30% used [0x00000000a0000000,0x00000000a1c95140,0x00000000a5d00000)
 Metaspace       used 57349K, capacity 59078K, committed 59136K, reserved 1099776K
  class space    used 7698K, capacity 8158K, committed 8192K, reserved 1048576K
Event: 81.563 GC heap after
Heap after GC invocations=14 (full 2):
 PSYoungGen      total 189952K, used 7675K [0x00000000e0000000, 0x00000000ed080000, 0x0000000100000000)
  eden space 169984K, 0% used [0x00000000e0000000,0x00000000e0000000,0x00000000ea600000)
  from space 19968K, 38% used [0x00000000eb880000,0x00000000ebffef60,0x00000000ecc00000)
  to   space 18944K, 0% used [0x00000000ea600000,0x00000000ea600000,0x00000000eb880000)
 ParOldGen       total 95232K, used 39166K [0x00000000a0000000, 0x00000000a5d00000, 0x00000000e0000000)
  object space 95232K, 41% used [0x00000000a0000000,0x00000000a263f9c0,0x00000000a5d00000)
 Metaspace       used 57349K, capacity 59078K, committed 59136K, reserved 1099776K
  class space    used 7698K, capacity 8158K, committed 8192K, reserved 1048576K
}
Event: 81.564 GC heap before
{Heap before GC invocations=15 (full 3):
 PSYoungGen      total 189952K, used 7675K [0x00000000e0000000, 0x00000000ed080000, 0x0000000100000000)
  eden space 169984K, 0% used [0x00000000e0000000,0x00000000e0000000,0x00000000ea600000)
  from space 19968K, 38% used [0x00000000eb880000,0x00000000ebffef60,0x00000000ecc00000)
  to   space 18944K, 0% used [0x00000000ea600000,0x00000000ea600000,0x00000000eb880000)
 ParOldGen       total 95232K, used 39166K [0x00000000a0000000, 0x00000000a5d00000, 0x00000000e0000000)
  object space 95232K, 41% used [0x00000000a0000000,0x00000000a263f9c0,0x00000000a5d00000)
 Metaspace       used 57349K, capacity 59078K, committed 59136K, reserved 1099776K
  class space    used 7698K, capacity 8158K, committed 8192K, reserved 1048576K
Event: 82.401 GC heap after
Heap after GC invocations=15 (full 3):
 PSYoungGen      total 189952K, used 0K [0x00000000e0000000, 0x00000000ed080000, 0x0000000100000000)
  eden space 169984K, 0% used [0x00000000e0000000,0x00000000e0000000,0x00000000ea600000)
  from space 19968K, 0% used [0x00000000eb880000,0x00000000eb880000,0x00000000ecc00000)
  to   space 18944K, 0% used [0x00000000ea600000,0x00000000ea600000,0x00000000eb880000)
 ParOldGen       total 145920K, used 40977K [0x00000000a0000000, 0x00000000a8e80000, 0x00000000e0000000)
  object space 145920K, 28% used [0x00000000a0000000,0x00000000a2804658,0x00000000a8e80000)
 Metaspace       used 57344K, capacity 59060K, committed 59136K, reserved 1099776K
  class space    used 7696K, capacity 8155K, committed 8192K, reserved 1048576K
}

Deoptimization events (10 events):
Event: 78.089 Thread 0x000000001897a000 Uncommon trap: reason=unstable_if action=reinterpret pc=0x00000000038024fc method=java.lang.reflect.Modifier.toString(I)Ljava/lang/String; @ 11
Event: 78.250 Thread 0x000000001897a000 Uncommon trap: reason=unstable_if action=reinterpret pc=0x00000000029afac4 method=java.io.DataInputStream.readUTF(Ljava/io/DataInput;)Ljava/lang/String; @ 31
Event: 78.303 Thread 0x000000001897a000 Uncommon trap: reason=unstable_if action=reinterpret pc=0x0000000002b2ce3c method=java.lang.AbstractStringBuilder.append(Ljava/lang/String;)Ljava/lang/AbstractStringBuilder; @ 1
Event: 78.721 Thread 0x000000001897a000 Uncommon trap: reason=unstable_if action=reinterpret pc=0x0000000002a7acf4 method=java.lang.AbstractStringBuilder.append(Ljava/lang/String;)Ljava/lang/AbstractStringBuilder; @ 1
Event: 78.852 Thread 0x000000001897a000 Uncommon trap: reason=unstable_if action=reinterpret pc=0x0000000002a690a8 method=java.util.regex.Pattern$BmpCharProperty.match(Ljava/util/regex/Matcher;ILjava/lang/CharSequence;)Z @ 34
Event: 79.498 Thread 0x000000001897a000 Uncommon trap: reason=unstable_if action=reinterpret pc=0x0000000003898778 method=com.sun.org.apache.xerces.internal.impl.io.UTF8Reader.read([CII)I @ 131
Event: 79.502 Thread 0x000000001897a000 Uncommon trap: reason=unstable_if action=reinterpret pc=0x0000000002fc310c method=java.util.regex.Pattern$Ctype.isSatisfiedBy(I)Z @ 4
Event: 79.889 Thread 0x000000001897a000 Uncommon trap: reason=unstable_if action=reinterpret pc=0x0000000002fdcef4 method=com.sun.org.apache.xerces.internal.impl.XMLEntityScanner.checkBeforeLoad(Lcom/sun/xml/internal/stream/Entity$ScannedEntity;II)I @ 18
Event: 79.976 Thread 0x000000001897a000 Uncommon trap: reason=unstable_if action=reinterpret pc=0x0000000003862364 method=com.sun.org.apache.xerces.internal.impl.XMLEntityScanner.scanContent(Lcom/sun/org/apache/xerces/internal/xni/XMLString;)I @ 44
Event: 80.513 Thread 0x000000001897a000 Uncommon trap: reason=unstable_if action=reinterpret pc=0x00000000034cc6c4 method=org.gradle.internal.instantiation.AbstractClassGenerator$InjectionAnnotationValidator.validateMethod(Ljava/lang/reflect/Method;Lorg/gradle/internal/reflect/PropertyAccessorT

Classes redefined (0 events):
No events

Internal exceptions (10 events):
Event: 79.777 Thread 0x000000001897a000 Exception <a 'sun/nio/fs/WindowsException'> (0x00000000e3cece20) thrown at [C:\src\AOSP-openjdk-git\hotspot\src\share\vm\prims\jni.cpp, line 710]
Event: 79.777 Thread 0x000000001897a000 Exception <a 'sun/nio/fs/WindowsException'> (0x00000000e3cef620) thrown at [C:\src\AOSP-openjdk-git\hotspot\src\share\vm\prims\jni.cpp, line 710]
Event: 79.778 Thread 0x000000001897a000 Exception <a 'sun/nio/fs/WindowsException'> (0x00000000e3cf0208) thrown at [C:\src\AOSP-openjdk-git\hotspot\src\share\vm\prims\jni.cpp, line 710]
Event: 80.123 Thread 0x000000001897a000 Exception <a 'java/lang/NoSuchMethodError': java.lang.Object.lambda$comparing$77a9974f$1(Ljava/util/function/Function;Ljava/lang/Object;Ljava/lang/Object;)I> (0x00000000e3eacba8) thrown at [C:\src\AOSP-openjdk-git\hotspot\src\share\vm\interpreter\linkReso
Event: 80.127 Thread 0x000000001897a000 Exception <a 'java/lang/NoSuchMethodError': java.lang.Object.lambda$thenComparing$36697e65$1(Ljava/util/Comparator;Ljava/lang/Object;Ljava/lang/Object;)I> (0x00000000e3eb8600) thrown at [C:\src\AOSP-openjdk-git\hotspot\src\share\vm\interpreter\linkResolve
Event: 80.218 Thread 0x000000001897a000 Exception <a 'java/lang/NoSuchMethodError': java.lang.Object.lambda$maxBy$1(Ljava/util/Comparator;Ljava/lang/Object;Ljava/lang/Object;)Ljava/lang/Object;> (0x00000000e407d6d8) thrown at [C:\src\AOSP-openjdk-git\hotspot\src\share\vm\interpreter\linkResolve
Event: 80.896 Thread 0x000000001897a000 Exception <a 'java/lang/ClassNotFoundException': org/gradle/api/plugins/internal/DefaultBasePluginConventionBeanInfo> (0x00000000e4791f60) thrown at [C:\src\AOSP-openjdk-git\hotspot\src\share\vm\classfile\systemDictionary.cpp, line 210]
Event: 80.898 Thread 0x000000001897a000 Exception <a 'java/lang/ClassNotFoundException': org/gradle/api/plugins/BasePluginConventionBeanInfo> (0x00000000e47b9ba0) thrown at [C:\src\AOSP-openjdk-git\hotspot\src\share\vm\classfile\systemDictionary.cpp, line 210]
Event: 80.900 Thread 0x000000001897a000 Exception <a 'java/lang/ClassNotFoundException': org/gradle/api/plugins/BasePluginConventionCustomizer> (0x00000000e47e21d8) thrown at [C:\src\AOSP-openjdk-git\hotspot\src\share\vm\classfile\systemDictionary.cpp, line 210]
Event: 80.903 Thread 0x000000001897a000 Exception <a 'java/lang/ClassNotFoundException': org/gradle/api/plugins/internal/DefaultBasePluginConventionCustomizer> (0x00000000e4824310) thrown at [C:\src\AOSP-openjdk-git\hotspot\src\share\vm\classfile\systemDictionary.cpp, line 210]

Events (10 events):
Event: 84.068 loading class kotlin/reflect/jvm/internal/impl/metadata/ProtoBuf$Package
Event: 84.068 loading class kotlin/reflect/jvm/internal/impl/metadata/ProtoBuf$Package done
Event: 84.168 loading class kotlin/reflect/jvm/internal/impl/metadata/ProtoBuf$PackageOrBuilder
Event: 84.168 loading class kotlin/reflect/jvm/internal/impl/metadata/ProtoBuf$PackageOrBuilder done
Event: 84.234 loading class kotlin/reflect/jvm/internal/impl/protobuf/GeneratedMessageLite$ExtendableMessageOrBuilder
Event: 84.234 loading class kotlin/reflect/jvm/internal/impl/protobuf/GeneratedMessageLite$ExtendableMessageOrBuilder done
Event: 84.300 loading class kotlin/reflect/jvm/internal/impl/protobuf/GeneratedMessageLite$ExtendableMessage
Event: 84.300 loading class kotlin/reflect/jvm/internal/impl/protobuf/GeneratedMessageLite$ExtendableMessage done
Event: 84.301 loading class kotlin/reflect/jvm/internal/impl/protobuf/GeneratedMessageLite
Event: 84.301 loading class kotlin/reflect/jvm/internal/impl/protobuf/GeneratedMessageLite done


Dynamic libraries:
0x00007ff709260000 - 0x00007ff709291000 	C:\Program Files\Android\Android Studio\jre\bin\java.exe
0x00007ffb79c80000 - 0x00007ffb79e61000 	C:\Windows\SYSTEM32\ntdll.dll
0x00007ffb77c80000 - 0x00007ffb77d32000 	C:\Windows\System32\KERNEL32.DLL
0x00007ffb769c0000 - 0x00007ffb76c33000 	C:\Windows\System32\KERNELBASE.dll
0x00007ffb77560000 - 0x00007ffb77601000 	C:\Windows\System32\ADVAPI32.dll
0x00007ffb79bb0000 - 0x00007ffb79c4e000 	C:\Windows\System32\msvcrt.dll
0x00007ffb77e20000 - 0x00007ffb77e7b000 	C:\Windows\System32\sechost.dll
0x00007ffb79870000 - 0x00007ffb79994000 	C:\Windows\System32\RPCRT4.dll
0x00007ffb77af0000 - 0x00007ffb77c80000 	C:\Windows\System32\USER32.dll
0x00007ffb76050000 - 0x00007ffb76070000 	C:\Windows\System32\win32u.dll
0x00007ffb79a60000 - 0x00007ffb79a88000 	C:\Windows\System32\GDI32.dll
0x00007ffb76820000 - 0x00007ffb769b2000 	C:\Windows\System32\gdi32full.dll
0x00007ffb76780000 - 0x00007ffb7681f000 	C:\Windows\System32\msvcp_win.dll
0x00007ffb76c40000 - 0x00007ffb76d3a000 	C:\Windows\System32\ucrtbase.dll
0x00007ffb6a9f0000 - 0x00007ffb6ac59000 	C:\Windows\WinSxS\amd64_microsoft.windows.common-controls_6595b64144ccf1df_6.0.17134.48_none_b4b2216a3cb4dd3e\COMCTL32.dll
0x00007ffb777c0000 - 0x00007ffb77ae3000 	C:\Windows\System32\combase.dll
0x00007ffb76e50000 - 0x00007ffb76eca000 	C:\Windows\System32\bcryptPrimitives.dll
0x00007ffb77790000 - 0x00007ffb777bd000 	C:\Windows\System32\IMM32.DLL
0x00000000582e0000 - 0x00000000583b2000 	C:\Program Files\Android\Android Studio\jre\jre\bin\msvcr100.dll
0x00000000583c0000 - 0x0000000058c0b000 	C:\Program Files\Android\Android Studio\jre\jre\bin\server\jvm.dll
0x00007ffb799a0000 - 0x00007ffb799a8000 	C:\Windows\System32\PSAPI.DLL
0x00007ffb72f00000 - 0x00007ffb72f09000 	C:\Windows\SYSTEM32\WSOCK32.dll
0x00007ffb79a90000 - 0x00007ffb79afc000 	C:\Windows\System32\WS2_32.dll
0x00007ffb72cc0000 - 0x00007ffb72ce3000 	C:\Windows\SYSTEM32\WINMM.dll
0x00007ffb6fcf0000 - 0x00007ffb6fcfa000 	C:\Windows\SYSTEM32\VERSION.dll
0x00007ffb72c90000 - 0x00007ffb72cba000 	C:\Windows\SYSTEM32\WINMMBASE.dll
0x00007ffb770c0000 - 0x00007ffb77109000 	C:\Windows\System32\cfgmgr32.dll
0x00007ffb6b120000 - 0x00007ffb6b12f000 	C:\Program Files\Android\Android Studio\jre\jre\bin\verify.dll
0x00007ffb6b0f0000 - 0x00007ffb6b119000 	C:\Program Files\Android\Android Studio\jre\jre\bin\java.dll
0x00007ffb65240000 - 0x00007ffb65256000 	C:\Program Files\Android\Android Studio\jre\jre\bin\zip.dll
0x00007ffb77fd0000 - 0x00007ffb79410000 	C:\Windows\System32\SHELL32.dll
0x00007ffb799b0000 - 0x00007ffb79a59000 	C:\Windows\System32\shcore.dll
0x00007ffb76070000 - 0x00007ffb7677d000 	C:\Windows\System32\windows.storage.dll
0x00007ffb77e80000 - 0x00007ffb77ed1000 	C:\Windows\System32\shlwapi.dll
0x00007ffb76030000 - 0x00007ffb76041000 	C:\Windows\System32\kernel.appcore.dll
0x00007ffb75fa0000 - 0x00007ffb75fbf000 	C:\Windows\System32\profapi.dll
0x00007ffb75fe0000 - 0x00007ffb7602c000 	C:\Windows\System32\powrprof.dll
0x00007ffb75f90000 - 0x00007ffb75f9a000 	C:\Windows\System32\FLTLIB.DLL
0x00007ffb630f0000 - 0x00007ffb6310a000 	C:\Program Files\Android\Android Studio\jre\jre\bin\net.dll
0x00007ffb75810000 - 0x00007ffb75876000 	C:\Windows\system32\mswsock.dll
0x00007ffb62cf0000 - 0x00007ffb62d03000 	C:\Program Files\Android\Android Studio\jre\jre\bin\nio.dll
0x00007ffb5b910000 - 0x00007ffb5b936000 	C:\Users\Dell\.gradle\native\28\windows-amd64\native-platform.dll
0x00007ffb6b0e0000 - 0x00007ffb6b0ed000 	C:\Program Files\Android\Android Studio\jre\jre\bin\management.dll
0x00007ffb759c0000 - 0x00007ffb759d7000 	C:\Windows\SYSTEM32\CRYPTSP.dll
0x00007ffb753f0000 - 0x00007ffb75423000 	C:\Windows\system32\rsaenh.dll
0x00007ffb75af0000 - 0x00007ffb75b15000 	C:\Windows\SYSTEM32\bcrypt.dll
0x00007ffb75ec0000 - 0x00007ffb75ee8000 	C:\Windows\SYSTEM32\USERENV.dll
0x00007ffb759e0000 - 0x00007ffb759eb000 	C:\Windows\SYSTEM32\CRYPTBASE.dll
0x00007ffb75590000 - 0x00007ffb755c8000 	C:\Windows\SYSTEM32\IPHLPAPI.DLL
0x00007ffb79410000 - 0x00007ffb79418000 	C:\Windows\System32\NSI.dll
0x00007ffb6ff30000 - 0x00007ffb6ff46000 	C:\Windows\SYSTEM32\dhcpcsvc6.DLL
0x00007ffb703e0000 - 0x00007ffb703fa000 	C:\Windows\SYSTEM32\dhcpcsvc.DLL
0x00007ffb66e00000 - 0x00007ffb66fc9000 	C:\Windows\SYSTEM32\dbghelp.dll

VM Arguments:
jvm_args: -Xmx1536m -Dfile.encoding=windows-1252 -Duser.country=IN -Duser.language=en -Duser.variant 
java_command: org.gradle.launcher.daemon.bootstrap.GradleDaemon 5.2.1
java_class_path (initial): C:\Users\Dell\.gradle\wrapper\dists\gradle-5.2.1-all\bviwmvmbexq6idcscbicws5me\gradle-5.2.1\lib\gradle-launcher-5.2.1.jar
Launcher Type: SUN_STANDARD

Environment Variables:
PATH=C:\Program Files (x86)\Common Files\Oracle\Java\javapath;C:\Windows\system32;C:\Windows;C:\Windows\System32\Wbem;C:\Windows\System32\WindowsPowerShell\v1.0\;C:\Windows\System32\OpenSSH\;C:\Program Files\Git\cmd;C:\Program Files\Java\jdk1.8.0_251\bin;C:\Users\Dell\AppData\Local\Microsoft\WindowsApps;C:\Program Files\Java\jdk1.8.0_251\bin;
USERNAME=Dell
OS=Windows_NT
PROCESSOR_IDENTIFIER=Intel64 Family 6 Model 37 Stepping 2, GenuineIntel



---------------  S Y S T E M  ---------------

OS: Windows 10.0 , 64 bit Build 17134 (10.0.17134.1)

CPU:total 4 (initial active 4) (2 cores per cpu, 2 threads per core) family 6 model 37 stepping 2, cmov, cx8, fxsr, mmx, sse, sse2, sse3, ssse3, sse4.1, sse4.2, popcnt, ht, tsc, tscinvbit

Memory: 4k page, physical 8376868k(1174616k free), swap 13881892k(2305512k free)

vm_info: OpenJDK 64-Bit Server VM (25.242-b01) for windows-amd64 JRE (1.8.0_242-release-1644-b01), built by "builder" with MS VC++ 10.0 (VS2010)

time: Sun Aug 23 22:08:36 2020
timezone: India Standard Time
elapsed time: 87 seconds (0d 0h 1m 27s)

