#
# A fatal error has been detected by the Java Runtime Environment:
#
#  EXCEPTION_ACCESS_VIOLATION (0xc0000005) at pc=0x00000000588633d0, pid=7548, tid=0x000000000000189c
#
# JRE version: OpenJDK Runtime Environment (8.0_242-b01) (build 1.8.0_242-release-1644-b01)
# Java VM: OpenJDK 64-Bit Server VM (25.242-b01 mixed mode windows-amd64 compressed oops)
# Problematic frame:
# V  [jvm.dll+0x4733d0]
#
# Failed to write core dump. Minidumps are not enabled by default on client versions of Windows
#
# If you would like to submit a bug report, please visit:
#   
#

---------------  T H R E A D  ---------------

Current thread (0x0000000017594000):  JavaThread "C2 CompilerThread0" daemon [_thread_in_native, id=6300, stack(0x0000000018bd0000,0x0000000018cd0000)]

siginfo: ExceptionCode=0xc0000005, reading address 0x0000400058bbf750

Registers:
RAX=0x0000000000000000, RBX=0x000000001dbfc6d0, RCX=0x0000400058bbf750, RDX=0x0000000000000000
RSP=0x0000000018ccc300, RBP=0x0000000000000000, RSI=0x0000000000000000, RDI=0x0000000018ccc350
R8 =0x000000001dbfc810, R9 =0x000000001bebc920, R10=0x00000000583f0000, R11=0x0000000018ccc220
R12=0x0000000058bbf750, R13=0x00000000583f0000, R14=0x00000000175cd688, R15=0x00000000000003d8
RIP=0x00000000588633d0, EFLAGS=0x0000000000010246

Top of Stack: (sp=0x0000000018ccc300)
0x0000000018ccc300:   0000000018ccead0 000000001dbfa470
0x0000000018ccc310:   fffffffffffffff8 0000000017546770
0x0000000018ccc320:   0000000000002c26 000000005885e49f
0x0000000018ccc330:   000000001dbfc310 000000001dbfc6d0
0x0000000018ccc340:   0000000000002c26 0000000018ccc430
0x0000000018ccc350:   0000000000000000 0000000000000008
0x0000000018ccc360:   0000400058bbf750 0000000000000000
0x0000000018ccc370:   000000001ab77190 0000000000000048
0x0000000018ccc380:   000000001dbfc810 0000000018ccc720
0x0000000018ccc390:   00000000175cd2b0 0000000018ccc720
0x0000000018ccc3a0:   00000000175cd2a0 000000005882ac11
0x0000000018ccc3b0:   0000000000000000 0000000018ccc4b0
0x0000000018ccc3c0:   0000000000000000 0000000000000009
0x0000000018ccc3d0:   0000000000000006 00000000175cd2a0
0x0000000018ccc3e0:   000000001ae2d510 000000001ae30820
0x0000000018ccc3f0:   000000001ae354f8 000000000162ad30 

Instructions: (pc=0x00000000588633d0)
0x00000000588633b0:   48 8b 4f 20 48 39 04 0e 0f 84 9d 00 00 00 48 8b
0x00000000588633c0:   0c 0e 33 d2 33 c0 48 89 4f 10 66 0f 1f 44 00 00
0x00000000588633d0:   83 3c 08 00 0f 85 36 01 00 00 ff c2 48 83 c0 04
0x00000000588633e0:   83 fa 08 72 eb 48 8b 47 30 48 89 44 24 30 48 85 


Register to memory mapping:

RAX=0x0000000000000000 is an unknown value
RBX=0x000000001dbfc6d0 is an unknown value
RCX=0x0000400058bbf750 is an unknown value
RDX=0x0000000000000000 is an unknown value
RSP=0x0000000018ccc300 is pointing into the stack for thread: 0x0000000017594000
RBP=0x0000000000000000 is an unknown value
RSI=0x0000000000000000 is an unknown value
RDI=0x0000000018ccc350 is pointing into the stack for thread: 0x0000000017594000
R8 =0x000000001dbfc810 is an unknown value
R9 =0x000000001bebc920 is an unknown value
R10=0x00000000583f0000 is an unknown value
R11=0x0000000018ccc220 is pointing into the stack for thread: 0x0000000017594000
R12=0x0000000058bbf750 is an unknown value
R13=0x00000000583f0000 is an unknown value
R14=0x00000000175cd688 is an unknown value
R15=0x00000000000003d8 is an unknown value


Stack: [0x0000000018bd0000,0x0000000018cd0000],  sp=0x0000000018ccc300,  free space=1008k
Native frames: (J=compiled Java code, j=interpreted, Vv=VM code, C=native code)


Current CompileTask:
C2:   3852 1581       4       java.net.URLClassLoader$1::run (5 bytes)


---------------  P R O C E S S  ---------------

Java Threads: ( => current thread )
  0x00000000175db000 JavaThread "Service Thread" daemon [_thread_blocked, id=1076, stack(0x00000000192d0000,0x00000000193d0000)]
  0x00000000175aa000 JavaThread "C1 CompilerThread2" daemon [_thread_in_native, id=8952, stack(0x0000000018dd0000,0x0000000018ed0000)]
  0x000000001759b000 JavaThread "C2 CompilerThread1" daemon [_thread_in_native, id=2704, stack(0x0000000018cd0000,0x0000000018dd0000)]
=>0x0000000017594000 JavaThread "C2 CompilerThread0" daemon [_thread_in_native, id=6300, stack(0x0000000018bd0000,0x0000000018cd0000)]
  0x0000000017597800 JavaThread "Attach Listener" daemon [_thread_blocked, id=6568, stack(0x0000000018ad0000,0x0000000018bd0000)]
  0x0000000017596800 JavaThread "Signal Dispatcher" daemon [_thread_blocked, id=10088, stack(0x00000000189d0000,0x0000000018ad0000)]
  0x0000000017577000 JavaThread "Finalizer" daemon [_thread_blocked, id=2516, stack(0x00000000187e0000,0x00000000188e0000)]
  0x000000001756b800 JavaThread "Reference Handler" daemon [_thread_blocked, id=7272, stack(0x00000000186e0000,0x00000000187e0000)]
  0x000000000287e000 JavaThread "main" [_thread_in_Java, id=10024, stack(0x00000000026c0000,0x00000000027c0000)]

Other Threads:
  0x000000000297d800 VMThread [stack: 0x00000000185e0000,0x00000000186e0000] [id=10380]
  0x00000000175de000 WatcherThread [stack: 0x00000000193d0000,0x00000000194d0000] [id=5684]

VM state:not at safepoint (normal execution)

VM Mutex/Monitor currently owned by a thread: None

heap address: 0x0000000080200000, size: 2046 MB, Compressed Oops mode: 32-bit
Narrow klass base: 0x0000000000000000, Narrow klass shift: 3
Compressed class space size: 1073741824 Address: 0x0000000100000000

Heap:
 PSYoungGen      total 71680K, used 55937K [0x00000000d5600000, 0x00000000de200000, 0x0000000100000000)
  eden space 66560K, 84% used [0x00000000d5600000,0x00000000d8ca0740,0x00000000d9700000)
  from space 5120K, 0% used [0x00000000d9700000,0x00000000d9700000,0x00000000d9c00000)
  to   space 5120K, 0% used [0x00000000ddd00000,0x00000000ddd00000,0x00000000de200000)
 ParOldGen       total 65536K, used 7714K [0x0000000080200000, 0x0000000084200000, 0x00000000d5600000)
  object space 65536K, 11% used [0x0000000080200000,0x0000000080988940,0x0000000084200000)
 Metaspace       used 25595K, capacity 26020K, committed 26496K, reserved 1073152K
  class space    used 3229K, capacity 3340K, committed 3456K, reserved 1048576K

Card table byte_map: [0x0000000011d40000,0x0000000012140000] byte_map_base: 0x000000001193f000

Marking Bits: (ParMarkBitMap*) 0x0000000058bbf030
 Begin Bits: [0x00000000127f0000, 0x00000000147e8000)
 End Bits:   [0x00000000147e8000, 0x00000000167e0000)

Polling page: 0x0000000000860000

CodeCache: size=245760Kb used=6128Kb max_used=6128Kb free=239632Kb
 bounds [0x0000000002980000, 0x0000000002f80000, 0x0000000011980000]
 total_blobs=2380 nmethods=1978 adapters=316
 compilation: enabled

Compilation events (10 events):
Event: 3.842 Thread 0x00000000175aa000 nmethod 1964 0x0000000002f717d0 code [0x0000000002f71a60, 0x0000000002f72bd8]
Event: 3.842 Thread 0x00000000175aa000 1952       3       org.jetbrains.kotlin.protobuf.CodedOutputStream::newInstance (12 bytes)
Event: 3.843 Thread 0x00000000175aa000 nmethod 1952 0x0000000002f732d0 code [0x0000000002f73440, 0x0000000002f73750]
Event: 3.843 Thread 0x00000000175aa000 1953       3       org.jetbrains.kotlin.protobuf.CodedOutputStream::<init> (31 bytes)
Event: 3.843 Thread 0x00000000175aa000 nmethod 1953 0x0000000002f73890 code [0x0000000002f73a00, 0x0000000002f73bf0]
Event: 3.843 Thread 0x00000000175aa000 1977       1       org.jetbrains.kotlin.metadata.ProtoBuf$Type::getDefaultInstance (4 bytes)
Event: 3.843 Thread 0x00000000175aa000 nmethod 1977 0x0000000002f554d0 code [0x0000000002f55620, 0x0000000002f55710]
Event: 3.843 Thread 0x00000000175aa000 1969       3       org.jetbrains.kotlin.protobuf.SmallSortedMap::newFieldMap (9 bytes)
Event: 3.844 Thread 0x00000000175aa000 nmethod 1969 0x0000000002f73cd0 code [0x0000000002f73e60, 0x0000000002f742d0]
Event: 3.844 Thread 0x00000000175aa000 1972       3       org.jetbrains.kotlin.protobuf.SmallSortedMap$1::<init> (7 bytes)

GC Heap History (8 events):
Event: 1.042 GC heap before
{Heap before GC invocations=1 (full 0):
 PSYoungGen      total 38400K, used 33280K [0x00000000d5600000, 0x00000000d8080000, 0x0000000100000000)
  eden space 33280K, 100% used [0x00000000d5600000,0x00000000d7680000,0x00000000d7680000)
  from space 5120K, 0% used [0x00000000d7b80000,0x00000000d7b80000,0x00000000d8080000)
  to   space 5120K, 0% used [0x00000000d7680000,0x00000000d7680000,0x00000000d7b80000)
 ParOldGen       total 87552K, used 0K [0x0000000080200000, 0x0000000085780000, 0x00000000d5600000)
  object space 87552K, 0% used [0x0000000080200000,0x0000000080200000,0x0000000085780000)
 Metaspace       used 9440K, capacity 10132K, committed 10368K, reserved 1058816K
  class space    used 1020K, capacity 1040K, committed 1152K, reserved 1048576K
Event: 1.054 GC heap after
Heap after GC invocations=1 (full 0):
 PSYoungGen      total 38400K, used 5115K [0x00000000d5600000, 0x00000000da100000, 0x0000000100000000)
  eden space 33280K, 0% used [0x00000000d5600000,0x00000000d5600000,0x00000000d7680000)
  from space 5120K, 99% used [0x00000000d7680000,0x00000000d7b7ec68,0x00000000d7b80000)
  to   space 5120K, 0% used [0x00000000d9c00000,0x00000000d9c00000,0x00000000da100000)
 ParOldGen       total 87552K, used 2894K [0x0000000080200000, 0x0000000085780000, 0x00000000d5600000)
  object space 87552K, 3% used [0x0000000080200000,0x00000000804d3a68,0x0000000085780000)
 Metaspace       used 9440K, capacity 10132K, committed 10368K, reserved 1058816K
  class space    used 1020K, capacity 1040K, committed 1152K, reserved 1048576K
}
Event: 1.976 GC heap before
{Heap before GC invocations=2 (full 0):
 PSYoungGen      total 38400K, used 38395K [0x00000000d5600000, 0x00000000da100000, 0x0000000100000000)
  eden space 33280K, 100% used [0x00000000d5600000,0x00000000d7680000,0x00000000d7680000)
  from space 5120K, 99% used [0x00000000d7680000,0x00000000d7b7ec68,0x00000000d7b80000)
  to   space 5120K, 0% used [0x00000000d9c00000,0x00000000d9c00000,0x00000000da100000)
 ParOldGen       total 87552K, used 2894K [0x0000000080200000, 0x0000000085780000, 0x00000000d5600000)
  object space 87552K, 3% used [0x0000000080200000,0x00000000804d3a68,0x0000000085780000)
 Metaspace       used 17531K, capacity 17918K, committed 18304K, reserved 1064960K
  class space    used 2001K, capacity 2129K, committed 2176K, reserved 1048576K
Event: 1.990 GC heap after
Heap after GC invocations=2 (full 0):
 PSYoungGen      total 71680K, used 5096K [0x00000000d5600000, 0x00000000da100000, 0x0000000100000000)
  eden space 66560K, 0% used [0x00000000d5600000,0x00000000d5600000,0x00000000d9700000)
  from space 5120K, 99% used [0x00000000d9c00000,0x00000000da0fa0a8,0x00000000da100000)
  to   space 5120K, 0% used [0x00000000d9700000,0x00000000d9700000,0x00000000d9c00000)
 ParOldGen       total 87552K, used 8173K [0x0000000080200000, 0x0000000085780000, 0x00000000d5600000)
  object space 87552K, 9% used [0x0000000080200000,0x00000000809fb760,0x0000000085780000)
 Metaspace       used 17531K, capacity 17918K, committed 18304K, reserved 1064960K
  class space    used 2001K, capacity 2129K, committed 2176K, reserved 1048576K
}
Event: 2.339 GC heap before
{Heap before GC invocations=3 (full 0):
 PSYoungGen      total 71680K, used 18754K [0x00000000d5600000, 0x00000000da100000, 0x0000000100000000)
  eden space 66560K, 20% used [0x00000000d5600000,0x00000000d6356a08,0x00000000d9700000)
  from space 5120K, 99% used [0x00000000d9c00000,0x00000000da0fa0a8,0x00000000da100000)
  to   space 5120K, 0% used [0x00000000d9700000,0x00000000d9700000,0x00000000d9c00000)
 ParOldGen       total 87552K, used 8173K [0x0000000080200000, 0x0000000085780000, 0x00000000d5600000)
  object space 87552K, 9% used [0x0000000080200000,0x00000000809fb760,0x0000000085780000)
 Metaspace       used 20695K, capacity 21014K, committed 21248K, reserved 1067008K
  class space    used 2642K, capacity 2753K, committed 2816K, reserved 1048576K
Event: 2.353 GC heap after
Heap after GC invocations=3 (full 0):
 PSYoungGen      total 71680K, used 5110K [0x00000000d5600000, 0x00000000de200000, 0x0000000100000000)
  eden space 66560K, 0% used [0x00000000d5600000,0x00000000d5600000,0x00000000d9700000)
  from space 5120K, 99% used [0x00000000d9700000,0x00000000d9bfdb28,0x00000000d9c00000)
  to   space 5120K, 0% used [0x00000000ddd00000,0x00000000ddd00000,0x00000000de200000)
 ParOldGen       total 87552K, used 10568K [0x0000000080200000, 0x0000000085780000, 0x00000000d5600000)
  object space 87552K, 12% used [0x0000000080200000,0x0000000080c521c0,0x0000000085780000)
 Metaspace       used 20695K, capacity 21014K, committed 21248K, reserved 1067008K
  class space    used 2642K, capacity 2753K, committed 2816K, reserved 1048576K
}
Event: 2.353 GC heap before
{Heap before GC invocations=4 (full 1):
 PSYoungGen      total 71680K, used 5110K [0x00000000d5600000, 0x00000000de200000, 0x0000000100000000)
  eden space 66560K, 0% used [0x00000000d5600000,0x00000000d5600000,0x00000000d9700000)
  from space 5120K, 99% used [0x00000000d9700000,0x00000000d9bfdb28,0x00000000d9c00000)
  to   space 5120K, 0% used [0x00000000ddd00000,0x00000000ddd00000,0x00000000de200000)
 ParOldGen       total 87552K, used 10568K [0x0000000080200000, 0x0000000085780000, 0x00000000d5600000)
  object space 87552K, 12% used [0x0000000080200000,0x0000000080c521c0,0x0000000085780000)
 Metaspace       used 20695K, capacity 21014K, committed 21248K, reserved 1067008K
  class space    used 2642K, capacity 2753K, committed 2816K, reserved 1048576K
Event: 2.413 GC heap after
Heap after GC invocations=4 (full 1):
 PSYoungGen      total 71680K, used 0K [0x00000000d5600000, 0x00000000de200000, 0x0000000100000000)
  eden space 66560K, 0% used [0x00000000d5600000,0x00000000d5600000,0x00000000d9700000)
  from space 5120K, 0% used [0x00000000d9700000,0x00000000d9700000,0x00000000d9c00000)
  to   space 5120K, 0% used [0x00000000ddd00000,0x00000000ddd00000,0x00000000de200000)
 ParOldGen       total 65536K, used 7714K [0x0000000080200000, 0x0000000084200000, 0x00000000d5600000)
  object space 65536K, 11% used [0x0000000080200000,0x0000000080988940,0x0000000084200000)
 Metaspace       used 20695K, capacity 21014K, committed 21248K, reserved 1067008K
  class space    used 2642K, capacity 2753K, committed 2816K, reserved 1048576K
}

Deoptimization events (10 events):
Event: 2.664 Thread 0x000000000287e000 Uncommon trap: reason=unstable_if action=reinterpret pc=0x0000000002ce58d8 method=java.lang.String.<init>([CII)V @ 18
Event: 2.824 Thread 0x000000000287e000 Uncommon trap: reason=unstable_if action=reinterpret pc=0x0000000002ebff98 method=org.jetbrains.kotlin.com.intellij.openapi.vfs.impl.ZipEntryMap.isTheOne(Lorg/jetbrains/kotlin/com/intellij/openapi/vfs/impl/ArchiveHandler$EntryInfo;Ljava/lang/CharSequence;
Event: 2.956 Thread 0x000000000287e000 Uncommon trap: reason=unstable_if action=reinterpret pc=0x0000000002ec4584 method=org.jetbrains.kotlin.com.intellij.openapi.vfs.impl.ZipEntryMap.isTheOne(Lorg/jetbrains/kotlin/com/intellij/openapi/vfs/impl/ArchiveHandler$EntryInfo;Ljava/lang/CharSequence;
Event: 3.223 Thread 0x000000000287e000 Uncommon trap: reason=unstable_if action=reinterpret pc=0x0000000002f01098 method=org.jetbrains.kotlin.com.intellij.openapi.vfs.impl.ZipHandlerBase.getOrCreate(Ljava/lang/String;Ljava/util/Map;Ljava/util/zip/ZipFile;)Lorg/jetbrains/kotlin/com/intellij/ope
Event: 3.360 Thread 0x000000000287e000 Uncommon trap: reason=class_check action=maybe_recompile pc=0x0000000002efc014 method=java.lang.AbstractStringBuilder.append(Ljava/lang/CharSequence;II)Ljava/lang/AbstractStringBuilder; @ 18
Event: 3.361 Thread 0x000000000287e000 Uncommon trap: reason=class_check action=maybe_recompile pc=0x0000000002efc014 method=java.lang.AbstractStringBuilder.append(Ljava/lang/CharSequence;II)Ljava/lang/AbstractStringBuilder; @ 18
Event: 3.363 Thread 0x000000000287e000 Uncommon trap: reason=class_check action=maybe_recompile pc=0x0000000002efc014 method=java.lang.AbstractStringBuilder.append(Ljava/lang/CharSequence;II)Ljava/lang/AbstractStringBuilder; @ 18
Event: 3.363 Thread 0x000000000287e000 Uncommon trap: reason=class_check action=maybe_recompile pc=0x0000000002efc014 method=java.lang.AbstractStringBuilder.append(Ljava/lang/CharSequence;II)Ljava/lang/AbstractStringBuilder; @ 18
Event: 3.498 Thread 0x000000000287e000 Uncommon trap: reason=unstable_if action=reinterpret pc=0x0000000002d197fc method=java.lang.CharacterDataLatin1.isWhitespace(I)Z @ 14
Event: 3.504 Thread 0x000000000287e000 Uncommon trap: reason=unstable_if action=reinterpret pc=0x0000000002dac828 method=java.util.HashMap.hash(Ljava/lang/Object;)I @ 1

Classes redefined (0 events):
No events

Internal exceptions (10 events):
Event: 1.140 Thread 0x000000000287e000 Exception <a 'java/lang/ArrayIndexOutOfBoundsException'> (0x00000000d58bebf0) thrown at [C:\src\AOSP-openjdk-git\hotspot\src\share\vm\runtime\sharedRuntime.cpp, line 605]
Event: 1.466 Thread 0x000000000287e000 Exception <a 'java/lang/NoSuchFieldError': method resolution failed> (0x00000000d64d9478) thrown at [C:\src\AOSP-openjdk-git\hotspot\src\share\vm\prims\methodHandles.cpp, line 1167]
Event: 1.468 Thread 0x000000000287e000 Exception <a 'java/lang/NoSuchFieldError': method resolution failed> (0x00000000d64e69b0) thrown at [C:\src\AOSP-openjdk-git\hotspot\src\share\vm\prims\methodHandles.cpp, line 1167]
Event: 1.725 Thread 0x000000000287e000 Implicit null exception at 0x0000000002c3096f to 0x0000000002c309d9
Event: 1.826 Thread 0x000000000287e000 Exception <a 'java/lang/NoSuchMethodError': java.lang.Object.lambda$comparing$77a9974f$1(Ljava/util/function/Function;Ljava/lang/Object;Ljava/lang/Object;)I> (0x00000000d71bec90) thrown at [C:\src\AOSP-openjdk-git\hotspot\src\share\vm\interpreter\linkReso
Event: 2.022 Thread 0x000000000287e000 Exception <a 'java/lang/ArrayIndexOutOfBoundsException': 67> (0x00000000d56b74f8) thrown at [C:\src\AOSP-openjdk-git\hotspot\src\share\vm\interpreter\interpreterRuntime.cpp, line 368]
Event: 2.318 Thread 0x000000000287e000 Exception <a 'java/lang/NoSuchMethodError': java.lang.Object.lambda$static$0(I)[Lorg/jetbrains/kotlin/com/intellij/openapi/editor/event/DocumentListener;> (0x00000000d6177d90) thrown at [C:\src\AOSP-openjdk-git\hotspot\src\share\vm\interpreter\linkResolve
Event: 2.440 Thread 0x000000000287e000 Exception <a 'java/lang/NoSuchMethodError': java.lang.Object.lambda$static$0(I)[Lorg/jetbrains/kotlin/com/intellij/psi/PsiAnnotation;> (0x00000000d570e2d8) thrown at [C:\src\AOSP-openjdk-git\hotspot\src\share\vm\interpreter\linkResolver.cpp, line 620]
Event: 2.549 Thread 0x000000000287e000 Exception <a 'java/lang/NoSuchMethodError': java.lang.Object.lambda$static$0(I)[Lorg/jetbrains/kotlin/com/intellij/psi/PsiElement;> (0x00000000d5cc7640) thrown at [C:\src\AOSP-openjdk-git\hotspot\src\share\vm\interpreter\linkResolver.cpp, line 620]
Event: 3.504 Thread 0x000000000287e000 Implicit null exception at 0x0000000002dac1bb to 0x0000000002dac80d

Events (10 events):
Event: 3.824 loading class org/jetbrains/kotlin/metadata/ProtoBuf$Type$ArgumentOrBuilder
Event: 3.824 loading class org/jetbrains/kotlin/metadata/ProtoBuf$Type$ArgumentOrBuilder done
Event: 3.825 loading class org/jetbrains/kotlin/metadata/ProtoBuf$Type$Argument$1
Event: 3.825 loading class org/jetbrains/kotlin/metadata/ProtoBuf$Type$Argument$1 done
Event: 3.825 loading class org/jetbrains/kotlin/metadata/ProtoBuf$Type$Argument$Projection
Event: 3.825 loading class org/jetbrains/kotlin/metadata/ProtoBuf$Type$Argument$Projection done
Event: 3.826 loading class org/jetbrains/kotlin/metadata/ProtoBuf$Type$Argument$Projection$1
Event: 3.826 loading class org/jetbrains/kotlin/metadata/ProtoBuf$Type$Argument$Projection$1 done
Event: 3.828 loading class org/jetbrains/kotlin/metadata/ProtoBuf$Annotation$Argument$Value$Builder
Event: 3.828 loading class org/jetbrains/kotlin/metadata/ProtoBuf$Annotation$Argument$Value$Builder done


Dynamic libraries:
0x00007ff76e5c0000 - 0x00007ff76e5f1000 	C:\Program Files\Android\Android Studio\jre\jre\bin\java.exe
0x00007ffb79c80000 - 0x00007ffb79e61000 	C:\Windows\SYSTEM32\ntdll.dll
0x00007ffb77c80000 - 0x00007ffb77d32000 	C:\Windows\System32\KERNEL32.DLL
0x00007ffb769c0000 - 0x00007ffb76c33000 	C:\Windows\System32\KERNELBASE.dll
0x00007ffb77560000 - 0x00007ffb77601000 	C:\Windows\System32\ADVAPI32.dll
0x00007ffb79bb0000 - 0x00007ffb79c4e000 	C:\Windows\System32\msvcrt.dll
0x00007ffb77e20000 - 0x00007ffb77e7b000 	C:\Windows\System32\sechost.dll
0x00007ffb79870000 - 0x00007ffb79994000 	C:\Windows\System32\RPCRT4.dll
0x00007ffb77af0000 - 0x00007ffb77c80000 	C:\Windows\System32\USER32.dll
0x00007ffb76050000 - 0x00007ffb76070000 	C:\Windows\System32\win32u.dll
0x00007ffb79a60000 - 0x00007ffb79a88000 	C:\Windows\System32\GDI32.dll
0x00007ffb76820000 - 0x00007ffb769b2000 	C:\Windows\System32\gdi32full.dll
0x00007ffb76780000 - 0x00007ffb7681f000 	C:\Windows\System32\msvcp_win.dll
0x00007ffb76c40000 - 0x00007ffb76d3a000 	C:\Windows\System32\ucrtbase.dll
0x00007ffb660d0000 - 0x00007ffb66339000 	C:\Windows\WinSxS\amd64_microsoft.windows.common-controls_6595b64144ccf1df_6.0.17134.48_none_b4b2216a3cb4dd3e\COMCTL32.dll
0x00007ffb777c0000 - 0x00007ffb77ae3000 	C:\Windows\System32\combase.dll
0x00007ffb76e50000 - 0x00007ffb76eca000 	C:\Windows\System32\bcryptPrimitives.dll
0x00007ffb77790000 - 0x00007ffb777bd000 	C:\Windows\System32\IMM32.DLL
0x0000000058310000 - 0x00000000583e2000 	C:\Program Files\Android\Android Studio\jre\jre\bin\msvcr100.dll
0x00000000583f0000 - 0x0000000058c3b000 	C:\Program Files\Android\Android Studio\jre\jre\bin\server\jvm.dll
0x00007ffb799a0000 - 0x00007ffb799a8000 	C:\Windows\System32\PSAPI.DLL
0x00007ffb72cc0000 - 0x00007ffb72ce3000 	C:\Windows\SYSTEM32\WINMM.dll
0x00007ffb6fcf0000 - 0x00007ffb6fcfa000 	C:\Windows\SYSTEM32\VERSION.dll
0x00007ffb72f00000 - 0x00007ffb72f09000 	C:\Windows\SYSTEM32\WSOCK32.dll
0x00007ffb79a90000 - 0x00007ffb79afc000 	C:\Windows\System32\WS2_32.dll
0x00007ffb72c90000 - 0x00007ffb72cba000 	C:\Windows\SYSTEM32\WINMMBASE.dll
0x00007ffb770c0000 - 0x00007ffb77109000 	C:\Windows\System32\cfgmgr32.dll
0x00007ffb71a80000 - 0x00007ffb71a8f000 	C:\Program Files\Android\Android Studio\jre\jre\bin\verify.dll
0x00007ffb6dfa0000 - 0x00007ffb6dfc9000 	C:\Program Files\Android\Android Studio\jre\jre\bin\java.dll
0x00007ffb6df80000 - 0x00007ffb6df96000 	C:\Program Files\Android\Android Studio\jre\jre\bin\zip.dll
0x00007ffb77fd0000 - 0x00007ffb79410000 	C:\Windows\System32\SHELL32.dll
0x00007ffb799b0000 - 0x00007ffb79a59000 	C:\Windows\System32\shcore.dll
0x00007ffb76070000 - 0x00007ffb7677d000 	C:\Windows\System32\windows.storage.dll
0x00007ffb77e80000 - 0x00007ffb77ed1000 	C:\Windows\System32\shlwapi.dll
0x00007ffb76030000 - 0x00007ffb76041000 	C:\Windows\System32\kernel.appcore.dll
0x00007ffb75fa0000 - 0x00007ffb75fbf000 	C:\Windows\System32\profapi.dll
0x00007ffb75fe0000 - 0x00007ffb7602c000 	C:\Windows\System32\powrprof.dll
0x00007ffb75f90000 - 0x00007ffb75f9a000 	C:\Windows\System32\FLTLIB.DLL
0x00007ffb6df60000 - 0x00007ffb6df7a000 	C:\Program Files\Android\Android Studio\jre\jre\bin\net.dll
0x00007ffb75810000 - 0x00007ffb75876000 	C:\Windows\system32\mswsock.dll
0x00007ffb6a8f0000 - 0x00007ffb6a903000 	C:\Program Files\Android\Android Studio\jre\jre\bin\nio.dll
0x00007ffb66e00000 - 0x00007ffb66fc9000 	C:\Windows\SYSTEM32\dbghelp.dll

VM Arguments:
java_command: org.jetbrains.kotlin.cli.jvm.K2JVMCompiler -Xadd-compiler-builtins -Xbuild-file=C:\Users\Dell\AppData\Local\Temp\kjps4225794387862099858app_debug.script.xml -classpath C:\Users\Dell\.gradle\caches\transforms-2\files-2.1\88cc168cb9532008c51e3ffa35216362\jetified-craftar-cloud-image-recognition-sdk-android.jar;C:\Users\Dell\StudioProjects\app_verkoop\app\libs\sanselan-0_97-android-1.0.0.jar;C:\Users\Dell\.gradle\caches\transforms-2\files-2.1\a34b562ec3bedeacd1d3eb42156ee1fa\jars\classes.jar;C:\Users\Dell\.gradle\caches\transforms-2\files-2.1\8a7dd3988c51cfa24eb05afdaab84b9d\jars\classes.jar;C:\Users\Dell\.gradle\caches\modules-2\files-2.1\io.realm\realm-annotations\5.11.0\6c474829024d30fadcaa6b28318cedf3bb4d78ef\realm-annotations-5.11.0.jar;C:\Users\Dell\.gradle\caches\transforms-2\files-2.1\a50e527b25cab4fab3d9098a649fd051\jars\classes.jar;C:\Users\Dell\.gradle\caches\modules-2\files-2.1\org.jetbrains.kotlin\kotlin-android-extensions-runtime\1.3.50\bec16087637a7cafe54894e73d38037977cb30d2\kotlin-android-extensions-runtime-1.3.50.jar;C:\Users\Dell\.gradle\caches\transforms-2\files-2.1\1b97a6864709cfff56601869afb1c8aa\jars\classes.jar;C:\Users\Dell\.gradle\caches\transforms-2\files-2.1\36c4cb28406cbbe49257b9b085ebd816\jars\classes.jar;C:\Users\Dell\.gradle\caches\transforms-2\files-2.1\70519e4d333dbb08f57084e00feb6280\jars\classes.jar;C:\Users\Dell\.gradle\caches\transforms-2\files-2.1\85ba543d90bf62f69d41767ae5151d39\jars\classes.jar;C:\Users\Dell\.gradle\caches\transforms-2\files-2.1\85ba543d90bf62f69d41767ae5151d39\jars\libs\paypal-risk.jar;C:\Users\Dell\.gradle\caches\transforms-2\files-2.1\5496dd2f5d3c69396e78b99ac7bb8a0e\jars\classes.jar;C:\Users\Dell\.gradle\caches\transforms-2\files-2.1\4c1e5dd9b4e741b7457c7e823039f569\jars\classes.jar;C:\Users\Dell\.gradle\caches\transforms-2\files-2.1\e171fde4308ddbe42caf2b94c8d870a8\jars\classes.jar;C:\Users\Dell\.gradle\caches\transforms-2\files-2.1\03a3b364832d3a6ff070b621af87b151\jars\classes.jar;C:\Users\
java_class_path (initial): C:\Users\Dell\.gradle\caches\modules-2\files-2.1\org.jetbrains.kotlin\kotlin-compiler-embeddable\1.3.31\965ef6d9abe1555cc5d0a34dd24ce93b49123e7c\kotlin-compiler-embeddable-1.3.31.jar;C:\Users\Dell\.gradle\caches\modules-2\files-2.1\org.jetbrains.kotlin\kotlin-reflect\1.3.31\5a426a5ada97967ca60fba495eeaa66cfa7c9e2f\kotlin-reflect-1.3.31.jar;C:\Users\Dell\.gradle\caches\modules-2\files-2.1\org.jetbrains.kotlin\kotlin-stdlib\1.3.31\11289d20fd95ae219333f3456072be9f081c30cc\kotlin-stdlib-1.3.31.jar;C:\Users\Dell\.gradle\caches\modules-2\files-2.1\org.jetbrains.kotlin\kotlin-script-runtime\1.3.31\e63e9d1a9ddb5f43ac72115de992aed8eb938cb5\kotlin-script-runtime-1.3.31.jar;C:\Users\Dell\.gradle\caches\modules-2\files-2.1\org.jetbrains.intellij.deps\trove4j\1.0.20181211\216c2e14b070f334479d800987affe4054cd563f\trove4j-1.0.20181211.jar;C:\Users\Dell\.gradle\caches\modules-2\files-2.1\org.jetbrains.kotlin\kotlin-stdlib-common\1.3.31\20c34a04ea25cb1ef0139598bd67c764562cb170\kotlin-stdlib-common-1.3.31.jar;C:\Users\Dell\.gradle\caches\modules-2\files-2.1\org.jetbrains\annotations\13.0\919f0dfe192fb4e063e7dacadee7f8bb9a2672a9\annotations-13.0.jar;C:\Program Files\Android\Android Studio\jre\lib\tools.jar
Launcher Type: SUN_STANDARD

Environment Variables:
PATH=C:\Program Files (x86)\Common Files\Oracle\Java\javapath;C:\Windows\system32;C:\Windows;C:\Windows\System32\Wbem;C:\Windows\System32\WindowsPowerShell\v1.0\;C:\Windows\System32\OpenSSH\;C:\Program Files\Git\cmd;C:\Program Files\Java\jdk1.8.0_251\bin;C:\Users\Dell\AppData\Local\Microsoft\WindowsApps;C:\Program Files\Java\jdk1.8.0_251\bin;
USERNAME=Dell
OS=Windows_NT
PROCESSOR_IDENTIFIER=Intel64 Family 6 Model 37 Stepping 2, GenuineIntel



---------------  S Y S T E M  ---------------

OS: Windows 10.0 , 64 bit Build 17134 (10.0.17134.1)

CPU:total 4 (initial active 4) (2 cores per cpu, 2 threads per core) family 6 model 37 stepping 2, cmov, cx8, fxsr, mmx, sse, sse2, sse3, ssse3, sse4.1, sse4.2, popcnt, ht, tsc, tscinvbit

Memory: 4k page, physical 8376868k(2399728k free), swap 13881892k(6526396k free)

vm_info: OpenJDK 64-Bit Server VM (25.242-b01) for windows-amd64 JRE (1.8.0_242-release-1644-b01), built by "builder" with MS VC++ 10.0 (VS2010)

time: Thu Aug 13 22:06:29 2020
timezone: India Standard Time
elapsed time: 3 seconds (0d 0h 0m 3s)

